# JRE version: OpenJDK Runtime Environment (11.0.8+10) (build 11.0.8+10-b944.6842174)
# Java VM: OpenJDK 64-Bit Server VM (11.0.8+10-b944.6842174, mixed mode, tiered, compressed oops, g1 gc, windows-amd64)
Heap:
 garbage-first heap   total 198656K, used 123353K [0x0000000080000000, 0x0000000100000000)
  region size 1024K, 23 young (23552K), 3 survivors (3072K)
 Metaspace       used 130192K, capacity 133848K, committed 134144K, reserved 1165312K
  class space    used 15975K, capacity 17285K, committed 17408K, reserved 1048576K
GC Heap History (20 events):
Event: 258.768 GC heap before
{Heap before GC invocations=95 (full 0):
 garbage-first heap   total 198656K, used 160181K [0x0000000080000000, 0x0000000100000000)
  region size 1024K, 51 young (52224K), 1 survivors (1024K)
 Metaspace       used 129102K, capacity 132532K, committed 132864K, reserved 1165312K
  class space    used 15855K, capacity 17054K, committed 17152K, reserved 1048576K
}
Event: 258.774 GC heap after
{Heap after GC invocations=96 (full 0):
 garbage-first heap   total 198656K, used 111433K [0x0000000080000000, 0x0000000100000000)
  region size 1024K, 2 young (2048K), 2 survivors (2048K)
 Metaspace       used 129102K, capacity 132532K, committed 132864K, reserved 1165312K
  class space    used 15855K, capacity 17054K, committed 17152K, reserved 1048576K
}
Event: 915.047 GC heap before
{Heap before GC invocations=97 (full 0):
 garbage-first heap   total 198656K, used 177993K [0x0000000080000000, 0x0000000100000000)
  region size 1024K, 53 young (54272K), 2 survivors (2048K)
 Metaspace       used 129445K, capacity 132953K, committed 133248K, reserved 1165312K
  class space    used 15908K, capacity 17174K, committed 17280K, reserved 1048576K
}
Event: 915.055 GC heap after
{Heap after GC invocations=98 (full 0):
 garbage-first heap   total 198656K, used 111793K [0x0000000080000000, 0x0000000100000000)
  region size 1024K, 3 young (3072K), 3 survivors (3072K)
 Metaspace       used 129445K, capacity 132953K, committed 133248K, reserved 1165312K
  class space    used 15908K, capacity 17174K, committed 17280K, reserved 1048576K
}
Event: 915.161 GC heap before
{Heap before GC invocations=98 (full 0):
 garbage-first heap   total 198656K, used 117937K [0x0000000080000000, 0x0000000100000000)
  region size 1024K, 9 young (9216K), 3 survivors (3072K)
 Metaspace       used 129464K, capacity 133017K, committed 133248K, reserved 1165312K
  class space    used 15908K, capacity 17174K, committed 17280K, reserved 1048576K
}
Event: 915.168 GC heap after
{Heap after GC invocations=99 (full 0):
 garbage-first heap   total 198656K, used 110723K [0x0000000080000000, 0x0000000100000000)
  region size 1024K, 1 young (1024K), 1 survivors (1024K)
 Metaspace       used 129464K, capacity 133017K, committed 133248K, reserved 1165312K
  class space    used 15908K, capacity 17174K, committed 17280K, reserved 1048576K
}
Event: 915.559 GC heap before
{Heap before GC invocations=99 (full 0):
 garbage-first heap   total 198656K, used 125059K [0x0000000080000000, 0x0000000100000000)
  region size 1024K, 17 young (17408K), 1 survivors (1024K)
 Metaspace       used 129534K, capacity 133018K, committed 133248K, reserved 1165312K
  class space    used 15909K, capacity 17174K, committed 17280K, reserved 1048576K
}
Event: 915.573 GC heap after
{Heap after GC invocations=100 (full 0):
 garbage-first heap   total 198656K, used 113222K [0x0000000080000000, 0x0000000100000000)
  region size 1024K, 4 young (4096K), 4 survivors (4096K)
 Metaspace       used 129534K, capacity 133018K, committed 133248K, reserved 1165312K
  class space    used 15909K, capacity 17174K, committed 17280K, reserved 1048576K
}
Event: 916.220 GC heap before
{Heap before GC invocations=101 (full 0):
 garbage-first heap   total 198656K, used 156230K [0x0000000080000000, 0x0000000100000000)
  region size 1024K, 45 young (46080K), 4 survivors (4096K)
 Metaspace       used 129578K, capacity 133084K, committed 133248K, reserved 1165312K
  class space    used 15909K, capacity 17174K, committed 17280K, reserved 1048576K
}
Event: 916.229 GC heap after
{Heap after GC invocations=102 (full 0):
 garbage-first heap   total 198656K, used 113879K [0x0000000080000000, 0x0000000100000000)
  region size 1024K, 5 young (5120K), 5 survivors (5120K)
 Metaspace       used 129578K, capacity 133084K, committed 133248K, reserved 1165312K
  class space    used 15909K, capacity 17174K, committed 17280K, reserved 1048576K
}
Event: 916.246 GC heap before
{Heap before GC invocations=102 (full 0):
 garbage-first heap   total 198656K, used 117975K [0x0000000080000000, 0x0000000100000000)
  region size 1024K, 9 young (9216K), 5 survivors (5120K)
 Metaspace       used 129578K, capacity 133084K, committed 133248K, reserved 1165312K
  class space    used 15909K, capacity 17174K, committed 17280K, reserved 1048576K
}
Event: 916.261 GC heap after
{Heap after GC invocations=103 (full 0):
 garbage-first heap   total 198656K, used 103949K [0x0000000080000000, 0x0000000100000000)
  region size 1024K, 1 young (1024K), 1 survivors (1024K)
 Metaspace       used 129578K, capacity 133084K, committed 133248K, reserved 1165312K
  class space    used 15909K, capacity 17174K, committed 17280K, reserved 1048576K
}
Event: 916.281 GC heap before
{Heap before GC invocations=103 (full 0):
 garbage-first heap   total 198656K, used 107021K [0x0000000080000000, 0x0000000100000000)
  region size 1024K, 5 young (5120K), 1 survivors (1024K)
 Metaspace       used 129583K, capacity 133090K, committed 133248K, reserved 1165312K
  class space    used 15909K, capacity 17175K, committed 17280K, reserved 1048576K
}
Event: 916.287 GC heap after
{Heap after GC invocations=104 (full 0):
 garbage-first heap   total 198656K, used 103792K [0x0000000080000000, 0x0000000100000000)
  region size 1024K, 1 young (1024K), 1 survivors (1024K)
 Metaspace       used 129583K, capacity 133090K, committed 133248K, reserved 1165312K
  class space    used 15909K, capacity 17175K, committed 17280K, reserved 1048576K
}
Event: 916.719 GC heap before
{Heap before GC invocations=105 (full 0):
 garbage-first heap   total 198656K, used 173424K [0x0000000080000000, 0x0000000100000000)
  region size 1024K, 53 young (54272K), 1 survivors (1024K)
 Metaspace       used 129720K, capacity 133288K, committed 133504K, reserved 1165312K
  class space    used 15910K, capacity 17176K, committed 17280K, reserved 1048576K
}
Event: 916.724 GC heap after
{Heap after GC invocations=106 (full 0):
 garbage-first heap   total 198656K, used 104517K [0x0000000080000000, 0x0000000100000000)
  region size 1024K, 2 young (2048K), 2 survivors (2048K)
 Metaspace       used 129720K, capacity 133288K, committed 133504K, reserved 1165312K
  class space    used 15910K, capacity 17176K, committed 17280K, reserved 1048576K
}
Event: 916.760 GC heap before
{Heap before GC invocations=106 (full 0):
 garbage-first heap   total 198656K, used 110661K [0x0000000080000000, 0x0000000100000000)
  region size 1024K, 9 young (9216K), 2 survivors (2048K)
 Metaspace       used 129720K, capacity 133288K, committed 133504K, reserved 1165312K
  class space    used 15910K, capacity 17176K, committed 17280K, reserved 1048576K
}
Event: 916.765 GC heap after
{Heap after GC invocations=107 (full 0):
 garbage-first heap   total 198656K, used 103841K [0x0000000080000000, 0x0000000100000000)
  region size 1024K, 2 young (2048K), 2 survivors (2048K)
 Metaspace       used 129720K, capacity 133288K, committed 133504K, reserved 1165312K
  class space    used 15910K, capacity 17176K, committed 17280K, reserved 1048576K
}
Event: 917.136 GC heap before
{Heap before GC invocations=107 (full 0):
 garbage-first heap   total 198656K, used 158113K [0x0000000080000000, 0x0000000100000000)
  region size 1024K, 56 young (57344K), 2 survivors (2048K)
 Metaspace       used 129733K, capacity 133288K, committed 133504K, reserved 1165312K
  class space    used 15910K, capacity 17176K, committed 17280K, reserved 1048576K
}
Event: 917.143 GC heap after
{Heap after GC invocations=108 (full 0):
 garbage-first heap   total 198656K, used 104921K [0x0000000080000000, 0x0000000100000000)
  region size 1024K, 3 young (3072K), 3 survivors (3072K)
 Metaspace       used 129733K, capacity 133288K, committed 133504K, reserved 1165312K
  class space    used 15910K, capacity 17176K, committed 17280K, reserved 1048576K
}

