# JRE version: OpenJDK Runtime Environment (11.0.8+10) (build 11.0.8+10-b944.6842174)
# Java VM: OpenJDK 64-Bit Server VM (11.0.8+10-b944.6842174, mixed mode, tiered, compressed oops, g1 gc, windows-amd64)
Heap:
 garbage-first heap   total 202752K, used 163439K [0x0000000080000000, 0x0000000100000000)
  region size 1024K, 33 young (33792K), 2 survivors (2048K)
 Metaspace       used 126921K, capacity 130149K, committed 132132K, reserved 1165312K
  class space    used 15629K, capacity 16803K, committed 17152K, reserved 1048576K
GC Heap History (20 events):
Event: 400.560 GC heap after
{Heap after GC invocations=65 (full 0):
 garbage-first heap   total 202752K, used 123682K [0x0000000080000000, 0x0000000100000000)
  region size 1024K, 4 young (4096K), 4 survivors (4096K)
 Metaspace       used 126458K, capacity 129595K, committed 132132K, reserved 1165312K
  class space    used 15596K, capacity 16752K, committed 17152K, reserved 1048576K
}
Event: 401.068 GC heap before
{Heap before GC invocations=66 (full 0):
 garbage-first heap   total 202752K, used 152354K [0x0000000080000000, 0x0000000100000000)
  region size 1024K, 32 young (32768K), 4 survivors (4096K)
 Metaspace       used 126619K, capacity 129816K, committed 132132K, reserved 1165312K
  class space    used 15600K, capacity 16760K, committed 17152K, reserved 1048576K
}
Event: 401.078 GC heap after
{Heap after GC invocations=67 (full 0):
 garbage-first heap   total 202752K, used 123170K [0x0000000080000000, 0x0000000100000000)
  region size 1024K, 3 young (3072K), 3 survivors (3072K)
 Metaspace       used 126619K, capacity 129816K, committed 132132K, reserved 1165312K
  class space    used 15600K, capacity 16760K, committed 17152K, reserved 1048576K
}
Event: 401.166 GC heap before
{Heap before GC invocations=67 (full 0):
 garbage-first heap   total 202752K, used 129314K [0x0000000080000000, 0x0000000100000000)
  region size 1024K, 9 young (9216K), 3 survivors (3072K)
 Metaspace       used 126619K, capacity 129816K, committed 132132K, reserved 1165312K
  class space    used 15600K, capacity 16760K, committed 17152K, reserved 1048576K
}
Event: 401.186 GC heap after
{Heap after GC invocations=68 (full 0):
 garbage-first heap   total 202752K, used 111557K [0x0000000080000000, 0x0000000100000000)
  region size 1024K, 1 young (1024K), 1 survivors (1024K)
 Metaspace       used 126619K, capacity 129816K, committed 132132K, reserved 1165312K
  class space    used 15600K, capacity 16760K, committed 17152K, reserved 1048576K
}
Event: 401.390 GC heap before
{Heap before GC invocations=68 (full 0):
 garbage-first heap   total 202752K, used 126917K [0x0000000080000000, 0x0000000100000000)
  region size 1024K, 17 young (17408K), 1 survivors (1024K)
 Metaspace       used 126629K, capacity 129816K, committed 132132K, reserved 1165312K
  class space    used 15600K, capacity 16760K, committed 17152K, reserved 1048576K
}
Event: 401.397 GC heap after
{Heap after GC invocations=69 (full 0):
 garbage-first heap   total 202752K, used 111741K [0x0000000080000000, 0x0000000100000000)
  region size 1024K, 1 young (1024K), 1 survivors (1024K)
 Metaspace       used 126629K, capacity 129816K, committed 132132K, reserved 1165312K
  class space    used 15600K, capacity 16760K, committed 17152K, reserved 1048576K
}
Event: 402.012 GC heap before
{Heap before GC invocations=70 (full 0):
 garbage-first heap   total 202752K, used 154749K [0x0000000080000000, 0x0000000100000000)
  region size 1024K, 41 young (41984K), 1 survivors (1024K)
 Metaspace       used 126671K, capacity 129892K, committed 132132K, reserved 1165312K
  class space    used 15602K, capacity 16762K, committed 17152K, reserved 1048576K
}
Event: 402.025 GC heap after
{Heap after GC invocations=71 (full 0):
 garbage-first heap   total 202752K, used 125145K [0x0000000080000000, 0x0000000100000000)
  region size 1024K, 6 young (6144K), 6 survivors (6144K)
 Metaspace       used 126671K, capacity 129892K, committed 132132K, reserved 1165312K
  class space    used 15602K, capacity 16762K, committed 17152K, reserved 1048576K
}
Event: 402.043 GC heap before
{Heap before GC invocations=71 (full 0):
 garbage-first heap   total 202752K, used 128217K [0x0000000080000000, 0x0000000100000000)
  region size 1024K, 9 young (9216K), 6 survivors (6144K)
 Metaspace       used 126679K, capacity 129892K, committed 132132K, reserved 1165312K
  class space    used 15602K, capacity 16762K, committed 17152K, reserved 1048576K
}
Event: 402.055 GC heap after
{Heap after GC invocations=72 (full 0):
 garbage-first heap   total 202752K, used 125574K [0x0000000080000000, 0x0000000100000000)
  region size 1024K, 1 young (1024K), 1 survivors (1024K)
 Metaspace       used 126679K, capacity 129892K, committed 132132K, reserved 1165312K
  class space    used 15602K, capacity 16762K, committed 17152K, reserved 1048576K
}
Event: 402.115 GC heap before
{Heap before GC invocations=72 (full 0):
 garbage-first heap   total 202752K, used 132742K [0x0000000080000000, 0x0000000100000000)
  region size 1024K, 9 young (9216K), 1 survivors (1024K)
 Metaspace       used 126681K, capacity 129892K, committed 132132K, reserved 1165312K
  class space    used 15602K, capacity 16762K, committed 17152K, reserved 1048576K
}
Event: 402.124 GC heap after
{Heap after GC invocations=73 (full 0):
 garbage-first heap   total 202752K, used 131059K [0x0000000080000000, 0x0000000100000000)
  region size 1024K, 5 young (5120K), 5 survivors (5120K)
 Metaspace       used 126681K, capacity 129892K, committed 132132K, reserved 1165312K
  class space    used 15602K, capacity 16762K, committed 17152K, reserved 1048576K
}
Event: 402.944 GC heap before
{Heap before GC invocations=74 (full 0):
 garbage-first heap   total 202752K, used 175091K [0x0000000080000000, 0x0000000100000000)
  region size 1024K, 34 young (34816K), 5 survivors (5120K)
 Metaspace       used 126714K, capacity 129902K, committed 132132K, reserved 1165312K
  class space    used 15603K, capacity 16765K, committed 17152K, reserved 1048576K
}
Event: 402.953 GC heap after
{Heap after GC invocations=75 (full 0):
 garbage-first heap   total 202752K, used 131751K [0x0000000080000000, 0x0000000100000000)
  region size 1024K, 1 young (1024K), 1 survivors (1024K)
 Metaspace       used 126714K, capacity 129902K, committed 132132K, reserved 1165312K
  class space    used 15603K, capacity 16765K, committed 17152K, reserved 1048576K
}
Event: 403.036 GC heap before
{Heap before GC invocations=75 (full 0):
 garbage-first heap   total 202752K, used 138919K [0x0000000080000000, 0x0000000100000000)
  region size 1024K, 9 young (9216K), 1 survivors (1024K)
 Metaspace       used 126715K, capacity 129902K, committed 132132K, reserved 1165312K
  class space    used 15603K, capacity 16765K, committed 17152K, reserved 1048576K
}
Event: 403.050 GC heap after
{Heap after GC invocations=76 (full 0):
 garbage-first heap   total 202752K, used 131029K [0x0000000080000000, 0x0000000100000000)
  region size 1024K, 1 young (1024K), 1 survivors (1024K)
 Metaspace       used 126715K, capacity 129902K, committed 132132K, reserved 1165312K
  class space    used 15603K, capacity 16765K, committed 17152K, reserved 1048576K
}
Event: 403.262 GC heap before
{Heap before GC invocations=76 (full 0):
 garbage-first heap   total 202752K, used 160725K [0x0000000080000000, 0x0000000100000000)
  region size 1024K, 31 young (31744K), 1 survivors (1024K)
 Metaspace       used 126742K, capacity 129967K, committed 132132K, reserved 1165312K
  class space    used 15604K, capacity 16765K, committed 17152K, reserved 1048576K
}
Event: 403.266 GC heap after
{Heap after GC invocations=77 (full 0):
 garbage-first heap   total 202752K, used 131708K [0x0000000080000000, 0x0000000100000000)
  region size 1024K, 2 young (2048K), 2 survivors (2048K)
 Metaspace       used 126742K, capacity 129967K, committed 132132K, reserved 1165312K
  class space    used 15604K, capacity 16765K, committed 17152K, reserved 1048576K
}
Event: 405.309 GC heap before
{Heap before GC invocations=78 (full 0):
 garbage-first heap   total 202752K, used 162428K [0x0000000080000000, 0x0000000100000000)
  region size 1024K, 33 young (33792K), 2 survivors (2048K)
 Metaspace       used 126921K, capacity 130149K, committed 132132K, reserved 1165312K
  class space    used 15629K, capacity 16803K, committed 17152K, reserved 1048576K
}

