# JRE version: OpenJDK Runtime Environment (11.0.8+10) (build 11.0.8+10-b944.6842174)
# Java VM: OpenJDK 64-Bit Server VM (11.0.8+10-b944.6842174, mixed mode, tiered, compressed oops, g1 gc, windows-amd64)
Heap:
 garbage-first heap   total 94208K, used 64917K [0x0000000080000000, 0x0000000100000000)
  region size 1024K, 3 young (3072K), 2 survivors (2048K)
 Metaspace       used 74840K, capacity 76528K, committed 76796K, reserved 1116160K
  class space    used 9409K, capacity 9985K, committed 10112K, reserved 1048576K
GC Heap History (20 events):
Event: 24.389 GC heap before
{Heap before GC invocations=22 (full 0):
 garbage-first heap   total 94208K, used 73120K [0x0000000080000000, 0x0000000100000000)
  region size 1024K, 19 young (19456K), 2 survivors (2048K)
 Metaspace       used 60177K, capacity 61671K, committed 61820K, reserved 1103872K
  class space    used 7620K, capacity 8129K, committed 8192K, reserved 1048576K
}
Event: 24.393 GC heap after
{Heap after GC invocations=23 (full 0):
 garbage-first heap   total 94208K, used 56219K [0x0000000080000000, 0x0000000100000000)
  region size 1024K, 1 young (1024K), 1 survivors (1024K)
 Metaspace       used 60177K, capacity 61671K, committed 61820K, reserved 1103872K
  class space    used 7620K, capacity 8129K, committed 8192K, reserved 1048576K
}
Event: 25.655 GC heap before
{Heap before GC invocations=23 (full 0):
 garbage-first heap   total 94208K, used 73627K [0x0000000080000000, 0x0000000100000000)
  region size 1024K, 18 young (18432K), 1 survivors (1024K)
 Metaspace       used 61274K, capacity 62716K, committed 62972K, reserved 1103872K
  class space    used 7746K, capacity 8262K, committed 8320K, reserved 1048576K
}
Event: 25.660 GC heap after
{Heap after GC invocations=24 (full 0):
 garbage-first heap   total 94208K, used 57311K [0x0000000080000000, 0x0000000100000000)
  region size 1024K, 2 young (2048K), 2 survivors (2048K)
 Metaspace       used 61274K, capacity 62716K, committed 62972K, reserved 1103872K
  class space    used 7746K, capacity 8262K, committed 8320K, reserved 1048576K
}
Event: 27.048 GC heap before
{Heap before GC invocations=25 (full 0):
 garbage-first heap   total 94208K, used 74719K [0x0000000080000000, 0x0000000100000000)
  region size 1024K, 19 young (19456K), 2 survivors (2048K)
 Metaspace       used 61444K, capacity 62980K, committed 63100K, reserved 1103872K
  class space    used 7783K, capacity 8330K, committed 8448K, reserved 1048576K
}
Event: 27.058 GC heap after
{Heap after GC invocations=26 (full 0):
 garbage-first heap   total 94208K, used 59524K [0x0000000080000000, 0x0000000100000000)
  region size 1024K, 3 young (3072K), 3 survivors (3072K)
 Metaspace       used 61444K, capacity 62980K, committed 63100K, reserved 1103872K
  class space    used 7783K, capacity 8330K, committed 8448K, reserved 1048576K
}
Event: 28.007 GC heap before
{Heap before GC invocations=26 (full 0):
 garbage-first heap   total 94208K, used 74884K [0x0000000080000000, 0x0000000100000000)
  region size 1024K, 19 young (19456K), 3 survivors (3072K)
 Metaspace       used 63154K, capacity 64787K, committed 65020K, reserved 1105920K
  class space    used 7992K, capacity 8526K, committed 8576K, reserved 1048576K
}
Event: 28.014 GC heap after
{Heap after GC invocations=27 (full 0):
 garbage-first heap   total 94208K, used 60814K [0x0000000080000000, 0x0000000100000000)
  region size 1024K, 2 young (2048K), 2 survivors (2048K)
 Metaspace       used 63154K, capacity 64787K, committed 65020K, reserved 1105920K
  class space    used 7992K, capacity 8526K, committed 8576K, reserved 1048576K
}
Event: 28.552 GC heap before
{Heap before GC invocations=28 (full 0):
 garbage-first heap   total 94208K, used 76174K [0x0000000080000000, 0x0000000100000000)
  region size 1024K, 17 young (17408K), 2 survivors (2048K)
 Metaspace       used 65201K, capacity 66814K, committed 66940K, reserved 1107968K
  class space    used 8397K, capacity 8947K, committed 8960K, reserved 1048576K
}
Event: 28.567 GC heap after
{Heap after GC invocations=29 (full 0):
 garbage-first heap   total 94208K, used 61180K [0x0000000080000000, 0x0000000100000000)
  region size 1024K, 2 young (2048K), 2 survivors (2048K)
 Metaspace       used 65201K, capacity 66814K, committed 66940K, reserved 1107968K
  class space    used 8397K, capacity 8947K, committed 8960K, reserved 1048576K
}
Event: 28.896 GC heap before
{Heap before GC invocations=29 (full 0):
 garbage-first heap   total 94208K, used 76540K [0x0000000080000000, 0x0000000100000000)
  region size 1024K, 17 young (17408K), 2 survivors (2048K)
 Metaspace       used 66767K, capacity 68349K, committed 68476K, reserved 1107968K
  class space    used 8623K, capacity 9157K, committed 9216K, reserved 1048576K
}
Event: 28.904 GC heap after
{Heap after GC invocations=30 (full 0):
 garbage-first heap   total 94208K, used 62368K [0x0000000080000000, 0x0000000100000000)
  region size 1024K, 2 young (2048K), 2 survivors (2048K)
 Metaspace       used 66767K, capacity 68349K, committed 68476K, reserved 1107968K
  class space    used 8623K, capacity 9157K, committed 9216K, reserved 1048576K
}
Event: 29.322 GC heap before
{Heap before GC invocations=31 (full 0):
 garbage-first heap   total 94208K, used 76704K [0x0000000080000000, 0x0000000100000000)
  region size 1024K, 17 young (17408K), 2 survivors (2048K)
 Metaspace       used 69670K, capacity 71312K, committed 71420K, reserved 1112064K
  class space    used 8961K, capacity 9539K, committed 9600K, reserved 1048576K
}
Event: 29.327 GC heap after
{Heap after GC invocations=32 (full 0):
 garbage-first heap   total 94208K, used 63801K [0x0000000080000000, 0x0000000100000000)
  region size 1024K, 3 young (3072K), 3 survivors (3072K)
 Metaspace       used 69670K, capacity 71312K, committed 71420K, reserved 1112064K
  class space    used 8961K, capacity 9539K, committed 9600K, reserved 1048576K
}
Event: 29.534 GC heap before
{Heap before GC invocations=32 (full 0):
 garbage-first heap   total 94208K, used 77113K [0x0000000080000000, 0x0000000100000000)
  region size 1024K, 17 young (17408K), 3 survivors (3072K)
 Metaspace       used 71859K, capacity 73549K, committed 73724K, reserved 1114112K
  class space    used 9171K, capacity 9772K, committed 9856K, reserved 1048576K
}
Event: 29.538 GC heap after
{Heap after GC invocations=33 (full 0):
 garbage-first heap   total 94208K, used 64331K [0x0000000080000000, 0x0000000100000000)
  region size 1024K, 2 young (2048K), 2 survivors (2048K)
 Metaspace       used 71859K, capacity 73549K, committed 73724K, reserved 1114112K
  class space    used 9171K, capacity 9772K, committed 9856K, reserved 1048576K
}
Event: 196.437 GC heap before
{Heap before GC invocations=34 (full 0):
 garbage-first heap   total 94208K, used 77643K [0x0000000080000000, 0x0000000100000000)
  region size 1024K, 16 young (16384K), 2 survivors (2048K)
 Metaspace       used 74469K, capacity 76137K, committed 76412K, reserved 1116160K
  class space    used 9373K, capacity 9947K, committed 9984K, reserved 1048576K
}
Event: 196.448 GC heap after
{Heap after GC invocations=35 (full 0):
 garbage-first heap   total 94208K, used 64658K [0x0000000080000000, 0x0000000100000000)
  region size 1024K, 2 young (2048K), 2 survivors (2048K)
 Metaspace       used 74469K, capacity 76137K, committed 76412K, reserved 1116160K
  class space    used 9373K, capacity 9947K, committed 9984K, reserved 1048576K
}
Event: 802.399 GC heap before
{Heap before GC invocations=35 (full 0):
 garbage-first heap   total 94208K, used 78994K [0x0000000080000000, 0x0000000100000000)
  region size 1024K, 16 young (16384K), 2 survivors (2048K)
 Metaspace       used 74828K, capacity 76519K, committed 76668K, reserved 1116160K
  class space    used 9408K, capacity 9983K, committed 9984K, reserved 1048576K
}
Event: 802.405 GC heap after
{Heap after GC invocations=36 (full 0):
 garbage-first heap   total 94208K, used 64917K [0x0000000080000000, 0x0000000100000000)
  region size 1024K, 2 young (2048K), 2 survivors (2048K)
 Metaspace       used 74828K, capacity 76519K, committed 76668K, reserved 1116160K
  class space    used 9408K, capacity 9983K, committed 9984K, reserved 1048576K
}

