# JRE version: OpenJDK Runtime Environment (11.0.8+10) (build 11.0.8+10-b944.6842174)
# Java VM: OpenJDK 64-Bit Server VM (11.0.8+10-b944.6842174, mixed mode, tiered, compressed oops, g1 gc, windows-amd64)
Heap:
 garbage-first heap   total 198656K, used 120162K [0x0000000080000000, 0x0000000100000000)
  region size 1024K, 15 young (15360K), 3 survivors (3072K)
 Metaspace       used 129639K, capacity 133498K, committed 136148K, reserved 1167360K
  class space    used 15751K, capacity 17130K, committed 17536K, reserved 1048576K
GC Heap History (20 events):
Event: 2319.596 GC heap before
{Heap before GC invocations=203 (full 0):
 garbage-first heap   total 198656K, used 161671K [0x0000000080000000, 0x0000000100000000)
  region size 1024K, 62 young (63488K), 5 survivors (5120K)
 Metaspace       used 129420K, capacity 133277K, committed 136148K, reserved 1167360K
  class space    used 15750K, capacity 17129K, committed 17536K, reserved 1048576K
}
Event: 2319.611 GC heap after
{Heap after GC invocations=204 (full 0):
 garbage-first heap   total 198656K, used 103463K [0x0000000080000000, 0x0000000100000000)
  region size 1024K, 7 young (7168K), 7 survivors (7168K)
 Metaspace       used 129420K, capacity 133277K, committed 136148K, reserved 1167360K
  class space    used 15750K, capacity 17129K, committed 17536K, reserved 1048576K
}
Event: 2319.636 GC heap before
{Heap before GC invocations=204 (full 0):
 garbage-first heap   total 198656K, used 104487K [0x0000000080000000, 0x0000000100000000)
  region size 1024K, 9 young (9216K), 7 survivors (7168K)
 Metaspace       used 129420K, capacity 133277K, committed 136148K, reserved 1167360K
  class space    used 15750K, capacity 17129K, committed 17536K, reserved 1048576K
}
Event: 2319.646 GC heap after
{Heap after GC invocations=205 (full 0):
 garbage-first heap   total 198656K, used 103082K [0x0000000080000000, 0x0000000100000000)
  region size 1024K, 1 young (1024K), 1 survivors (1024K)
 Metaspace       used 129420K, capacity 133277K, committed 136148K, reserved 1167360K
  class space    used 15750K, capacity 17129K, committed 17536K, reserved 1048576K
}
Event: 2322.807 GC heap before
{Heap before GC invocations=205 (full 0):
 garbage-first heap   total 198656K, used 161450K [0x0000000080000000, 0x0000000100000000)
  region size 1024K, 59 young (60416K), 1 survivors (1024K)
 Metaspace       used 129435K, capacity 133279K, committed 136148K, reserved 1167360K
  class space    used 15750K, capacity 17129K, committed 17536K, reserved 1048576K
}
Event: 2322.815 GC heap after
{Heap after GC invocations=206 (full 0):
 garbage-first heap   total 198656K, used 103449K [0x0000000080000000, 0x0000000100000000)
  region size 1024K, 2 young (2048K), 2 survivors (2048K)
 Metaspace       used 129435K, capacity 133279K, committed 136148K, reserved 1167360K
  class space    used 15750K, capacity 17129K, committed 17536K, reserved 1048576K
}
Event: 2392.041 GC heap before
{Heap before GC invocations=207 (full 0):
 garbage-first heap   total 198656K, used 175129K [0x0000000080000000, 0x0000000100000000)
  region size 1024K, 61 young (62464K), 2 survivors (2048K)
 Metaspace       used 129470K, capacity 133281K, committed 136148K, reserved 1167360K
  class space    used 15750K, capacity 17129K, committed 17536K, reserved 1048576K
}
Event: 2392.046 GC heap after
{Heap after GC invocations=208 (full 0):
 garbage-first heap   total 198656K, used 104370K [0x0000000080000000, 0x0000000100000000)
  region size 1024K, 3 young (3072K), 3 survivors (3072K)
 Metaspace       used 129470K, capacity 133281K, committed 136148K, reserved 1167360K
  class space    used 15750K, capacity 17129K, committed 17536K, reserved 1048576K
}
Event: 2392.099 GC heap before
{Heap before GC invocations=208 (full 0):
 garbage-first heap   total 198656K, used 109490K [0x0000000080000000, 0x0000000100000000)
  region size 1024K, 9 young (9216K), 3 survivors (3072K)
 Metaspace       used 129473K, capacity 133282K, committed 136148K, reserved 1167360K
  class space    used 15750K, capacity 17129K, committed 17536K, reserved 1048576K
}
Event: 2392.116 GC heap after
{Heap after GC invocations=209 (full 0):
 garbage-first heap   total 198656K, used 97930K [0x0000000080000000, 0x0000000100000000)
  region size 1024K, 1 young (1024K), 1 survivors (1024K)
 Metaspace       used 129473K, capacity 133282K, committed 136148K, reserved 1167360K
  class space    used 15750K, capacity 17129K, committed 17536K, reserved 1048576K
}
Event: 2392.262 GC heap before
{Heap before GC invocations=209 (full 0):
 garbage-first heap   total 198656K, used 112266K [0x0000000080000000, 0x0000000100000000)
  region size 1024K, 17 young (17408K), 1 survivors (1024K)
 Metaspace       used 129515K, capacity 133415K, committed 136148K, reserved 1167360K
  class space    used 15750K, capacity 17129K, committed 17536K, reserved 1048576K
}
Event: 2392.279 GC heap after
{Heap after GC invocations=210 (full 0):
 garbage-first heap   total 198656K, used 100507K [0x0000000080000000, 0x0000000100000000)
  region size 1024K, 4 young (4096K), 4 survivors (4096K)
 Metaspace       used 129515K, capacity 133415K, committed 136148K, reserved 1167360K
  class space    used 15750K, capacity 17129K, committed 17536K, reserved 1048576K
}
Event: 2392.699 GC heap before
{Heap before GC invocations=211 (full 0):
 garbage-first heap   total 198656K, used 155803K [0x0000000080000000, 0x0000000100000000)
  region size 1024K, 56 young (57344K), 4 survivors (4096K)
 Metaspace       used 129552K, capacity 133415K, committed 136148K, reserved 1167360K
  class space    used 15750K, capacity 17129K, committed 17536K, reserved 1048576K
}
Event: 2392.710 GC heap after
{Heap after GC invocations=212 (full 0):
 garbage-first heap   total 198656K, used 102323K [0x0000000080000000, 0x0000000100000000)
  region size 1024K, 5 young (5120K), 5 survivors (5120K)
 Metaspace       used 129552K, capacity 133415K, committed 136148K, reserved 1167360K
  class space    used 15750K, capacity 17129K, committed 17536K, reserved 1048576K
}
Event: 2392.721 GC heap before
{Heap before GC invocations=212 (full 0):
 garbage-first heap   total 198656K, used 105395K [0x0000000080000000, 0x0000000100000000)
  region size 1024K, 9 young (9216K), 5 survivors (5120K)
 Metaspace       used 129552K, capacity 133415K, committed 136148K, reserved 1167360K
  class space    used 15750K, capacity 17129K, committed 17536K, reserved 1048576K
}
Event: 2392.735 GC heap after
{Heap after GC invocations=213 (full 0):
 garbage-first heap   total 198656K, used 95890K [0x0000000080000000, 0x0000000100000000)
  region size 1024K, 1 young (1024K), 1 survivors (1024K)
 Metaspace       used 129552K, capacity 133415K, committed 136148K, reserved 1167360K
  class space    used 15750K, capacity 17129K, committed 17536K, reserved 1048576K
}
Event: 2394.706 GC heap before
{Heap before GC invocations=213 (full 0):
 garbage-first heap   total 198656K, used 155282K [0x0000000080000000, 0x0000000100000000)
  region size 1024K, 60 young (61440K), 1 survivors (1024K)
 Metaspace       used 129586K, capacity 133482K, committed 136148K, reserved 1167360K
  class space    used 15750K, capacity 17129K, committed 17536K, reserved 1048576K
}
Event: 2394.713 GC heap after
{Heap after GC invocations=214 (full 0):
 garbage-first heap   total 198656K, used 96812K [0x0000000080000000, 0x0000000100000000)
  region size 1024K, 2 young (2048K), 2 survivors (2048K)
 Metaspace       used 129586K, capacity 133482K, committed 136148K, reserved 1167360K
  class space    used 15750K, capacity 17129K, committed 17536K, reserved 1048576K
}
Event: 2395.142 GC heap before
{Heap before GC invocations=215 (full 0):
 garbage-first heap   total 198656K, used 144940K [0x0000000080000000, 0x0000000100000000)
  region size 1024K, 51 young (52224K), 2 survivors (2048K)
 Metaspace       used 129608K, capacity 133496K, committed 136148K, reserved 1167360K
  class space    used 15751K, capacity 17130K, committed 17536K, reserved 1048576K
}
Event: 2395.148 GC heap after
{Heap after GC invocations=216 (full 0):
 garbage-first heap   total 198656K, used 97634K [0x0000000080000000, 0x0000000100000000)
  region size 1024K, 3 young (3072K), 3 survivors (3072K)
 Metaspace       used 129608K, capacity 133496K, committed 136148K, reserved 1167360K
  class space    used 15751K, capacity 17130K, committed 17536K, reserved 1048576K
}

