# JRE version: OpenJDK Runtime Environment (11.0.8+10) (build 11.0.8+10-b944.6842174)
# Java VM: OpenJDK 64-Bit Server VM (11.0.8+10-b944.6842174, mixed mode, tiered, compressed oops, g1 gc, windows-amd64)
Heap:
 garbage-first heap   total 164864K, used 115671K [0x0000000080000000, 0x0000000100000000)
  region size 1024K, 12 young (12288K), 7 survivors (7168K)
 Metaspace       used 89347K, capacity 91443K, committed 91600K, reserved 1128448K
  class space    used 11254K, capacity 11991K, committed 12032K, reserved 1048576K
GC Heap History (20 events):
Event: 8.578 GC heap before
{Heap before GC invocations=13 (full 0):
 garbage-first heap   total 137216K, used 102472K [0x0000000080000000, 0x0000000100000000)
  region size 1024K, 60 young (61440K), 9 survivors (9216K)
 Metaspace       used 56511K, capacity 58030K, committed 58192K, reserved 1099776K
  class space    used 7197K, capacity 7712K, committed 7808K, reserved 1048576K
}
Event: 8.590 GC heap after
{Heap after GC invocations=14 (full 0):
 garbage-first heap   total 137216K, used 54152K [0x0000000080000000, 0x0000000100000000)
  region size 1024K, 4 young (4096K), 4 survivors (4096K)
 Metaspace       used 56511K, capacity 58030K, committed 58192K, reserved 1099776K
  class space    used 7197K, capacity 7712K, committed 7808K, reserved 1048576K
}
Event: 8.819 GC heap before
{Heap before GC invocations=14 (full 0):
 garbage-first heap   total 137216K, used 72584K [0x0000000080000000, 0x0000000100000000)
  region size 1024K, 22 young (22528K), 4 survivors (4096K)
 Metaspace       used 58640K, capacity 60110K, committed 60240K, reserved 1101824K
  class space    used 7423K, capacity 7952K, committed 8064K, reserved 1048576K
}
Event: 8.826 GC heap after
{Heap after GC invocations=15 (full 0):
 garbage-first heap   total 164864K, used 56260K [0x0000000080000000, 0x0000000100000000)
  region size 1024K, 2 young (2048K), 2 survivors (2048K)
 Metaspace       used 58640K, capacity 60110K, committed 60240K, reserved 1101824K
  class space    used 7423K, capacity 7952K, committed 8064K, reserved 1048576K
}
Event: 9.540 GC heap before
{Heap before GC invocations=16 (full 0):
 garbage-first heap   total 164864K, used 112580K [0x0000000080000000, 0x0000000100000000)
  region size 1024K, 57 young (58368K), 2 survivors (2048K)
 Metaspace       used 62340K, capacity 63883K, committed 63952K, reserved 1105920K
  class space    used 7876K, capacity 8397K, committed 8448K, reserved 1048576K
}
Event: 9.548 GC heap after
{Heap after GC invocations=17 (full 0):
 garbage-first heap   total 164864K, used 60016K [0x0000000080000000, 0x0000000100000000)
  region size 1024K, 6 young (6144K), 6 survivors (6144K)
 Metaspace       used 62340K, capacity 63883K, committed 63952K, reserved 1105920K
  class space    used 7876K, capacity 8397K, committed 8448K, reserved 1048576K
}
Event: 10.416 GC heap before
{Heap before GC invocations=17 (full 0):
 garbage-first heap   total 164864K, used 116336K [0x0000000080000000, 0x0000000100000000)
  region size 1024K, 61 young (62464K), 6 survivors (6144K)
 Metaspace       used 70465K, capacity 72090K, committed 72400K, reserved 1112064K
  class space    used 9016K, capacity 9609K, committed 9728K, reserved 1048576K
}
Event: 10.430 GC heap after
{Heap after GC invocations=18 (full 0):
 garbage-first heap   total 164864K, used 63753K [0x0000000080000000, 0x0000000100000000)
  region size 1024K, 4 young (4096K), 4 survivors (4096K)
 Metaspace       used 70465K, capacity 72090K, committed 72400K, reserved 1112064K
  class space    used 9016K, capacity 9609K, committed 9728K, reserved 1048576K
}
Event: 1100.920 GC heap before
{Heap before GC invocations=18 (full 0):
 garbage-first heap   total 164864K, used 119049K [0x0000000080000000, 0x0000000100000000)
  region size 1024K, 59 young (60416K), 4 survivors (4096K)
 Metaspace       used 75298K, capacity 77004K, committed 77136K, reserved 1116160K
  class space    used 9434K, capacity 10003K, committed 10112K, reserved 1048576K
}
Event: 1100.928 GC heap after
{Heap after GC invocations=19 (full 0):
 garbage-first heap   total 164864K, used 65643K [0x0000000080000000, 0x0000000100000000)
  region size 1024K, 6 young (6144K), 6 survivors (6144K)
 Metaspace       used 75298K, capacity 77004K, committed 77136K, reserved 1116160K
  class space    used 9434K, capacity 10003K, committed 10112K, reserved 1048576K
}
Event: 1101.857 GC heap before
{Heap before GC invocations=19 (full 0):
 garbage-first heap   total 164864K, used 122987K [0x0000000080000000, 0x0000000100000000)
  region size 1024K, 62 young (63488K), 6 survivors (6144K)
 Metaspace       used 78112K, capacity 79842K, committed 80080K, reserved 1118208K
  class space    used 9804K, capacity 10401K, committed 10496K, reserved 1048576K
}
Event: 1101.872 GC heap after
{Heap after GC invocations=20 (full 0):
 garbage-first heap   total 164864K, used 70223K [0x0000000080000000, 0x0000000100000000)
  region size 1024K, 7 young (7168K), 7 survivors (7168K)
 Metaspace       used 78112K, capacity 79842K, committed 80080K, reserved 1118208K
  class space    used 9804K, capacity 10401K, committed 10496K, reserved 1048576K
}
Event: 1102.698 GC heap before
{Heap before GC invocations=20 (full 0):
 garbage-first heap   total 164864K, used 131663K [0x0000000080000000, 0x0000000100000000)
  region size 1024K, 62 young (63488K), 7 survivors (7168K)
 Metaspace       used 82752K, capacity 84597K, committed 84816K, reserved 1122304K
  class space    used 10440K, capacity 11078K, committed 11136K, reserved 1048576K
}
Event: 1102.726 GC heap after
{Heap after GC invocations=21 (full 0):
 garbage-first heap   total 164864K, used 72955K [0x0000000080000000, 0x0000000100000000)
  region size 1024K, 4 young (4096K), 4 survivors (4096K)
 Metaspace       used 82752K, capacity 84597K, committed 84816K, reserved 1122304K
  class space    used 10440K, capacity 11078K, committed 11136K, reserved 1048576K
}
Event: 1103.781 GC heap before
{Heap before GC invocations=21 (full 0):
 garbage-first heap   total 164864K, used 128251K [0x0000000080000000, 0x0000000100000000)
  region size 1024K, 59 young (60416K), 4 survivors (4096K)
 Metaspace       used 85120K, capacity 87156K, committed 87248K, reserved 1124352K
  class space    used 10770K, capacity 11453K, committed 11520K, reserved 1048576K
}
Event: 1103.791 GC heap after
{Heap after GC invocations=22 (full 0):
 garbage-first heap   total 164864K, used 76930K [0x0000000080000000, 0x0000000100000000)
  region size 1024K, 8 young (8192K), 8 survivors (8192K)
 Metaspace       used 85120K, capacity 87156K, committed 87248K, reserved 1124352K
  class space    used 10770K, capacity 11453K, committed 11520K, reserved 1048576K
}
Event: 1104.598 GC heap before
{Heap before GC invocations=22 (full 0):
 garbage-first heap   total 164864K, used 133250K [0x0000000080000000, 0x0000000100000000)
  region size 1024K, 62 young (63488K), 8 survivors (8192K)
 Metaspace       used 86346K, capacity 88349K, committed 88656K, reserved 1126400K
  class space    used 10890K, capacity 11584K, committed 11648K, reserved 1048576K
}
Event: 1104.624 GC heap after
{Heap after GC invocations=23 (full 0):
 garbage-first heap   total 164864K, used 86333K [0x0000000080000000, 0x0000000100000000)
  region size 1024K, 8 young (8192K), 8 survivors (8192K)
 Metaspace       used 86346K, capacity 88349K, committed 88656K, reserved 1126400K
  class space    used 10890K, capacity 11584K, committed 11648K, reserved 1048576K
}
Event: 1105.041 GC heap before
{Heap before GC invocations=23 (full 0):
 garbage-first heap   total 164864K, used 125245K [0x0000000080000000, 0x0000000100000000)
  region size 1024K, 47 young (48128K), 8 survivors (8192K)
 Metaspace       used 88959K, capacity 90957K, committed 91088K, reserved 1128448K
  class space    used 11210K, capacity 11919K, committed 12032K, reserved 1048576K
}
Event: 1105.102 GC heap after
{Heap after GC invocations=24 (full 0):
 garbage-first heap   total 164864K, used 97239K [0x0000000080000000, 0x0000000100000000)
  region size 1024K, 7 young (7168K), 7 survivors (7168K)
 Metaspace       used 88959K, capacity 90957K, committed 91088K, reserved 1128448K
  class space    used 11210K, capacity 11919K, committed 12032K, reserved 1048576K
}

