# JRE version: OpenJDK Runtime Environment (11.0.8+10) (build 11.0.8+10-b944.6842174)
# Java VM: OpenJDK 64-Bit Server VM (11.0.8+10-b944.6842174, mixed mode, tiered, compressed oops, g1 gc, windows-amd64)
Heap:
 garbage-first heap   total 198656K, used 177966K [0x0000000080000000, 0x0000000100000000)
  region size 1024K, 70 young (71680K), 7 survivors (7168K)
 Metaspace       used 107921K, capacity 110932K, committed 111012K, reserved 1144832K
  class space    used 13850K, capacity 14896K, committed 14976K, reserved 1048576K
GC Heap History (20 events):
Event: 47.699 GC heap after
{Heap after GC invocations=51 (full 0):
 garbage-first heap   total 164864K, used 98101K [0x0000000080000000, 0x0000000100000000)
  region size 1024K, 3 young (3072K), 3 survivors (3072K)
 Metaspace       used 91530K, capacity 93545K, committed 93732K, reserved 1130496K
  class space    used 11485K, capacity 12183K, committed 12288K, reserved 1048576K
}
Event: 48.317 GC heap before
{Heap before GC invocations=52 (full 0):
 garbage-first heap   total 164864K, used 135989K [0x0000000080000000, 0x0000000100000000)
  region size 1024K, 40 young (40960K), 3 survivors (3072K)
 Metaspace       used 91609K, capacity 93684K, committed 93988K, reserved 1130496K
  class space    used 11487K, capacity 12186K, committed 12288K, reserved 1048576K
}
Event: 48.335 GC heap after
{Heap after GC invocations=53 (full 0):
 garbage-first heap   total 164864K, used 98498K [0x0000000080000000, 0x0000000100000000)
  region size 1024K, 4 young (4096K), 4 survivors (4096K)
 Metaspace       used 91609K, capacity 93684K, committed 93988K, reserved 1130496K
  class space    used 11487K, capacity 12186K, committed 12288K, reserved 1048576K
}
Event: 48.380 GC heap before
{Heap before GC invocations=53 (full 0):
 garbage-first heap   total 164864K, used 101570K [0x0000000080000000, 0x0000000100000000)
  region size 1024K, 8 young (8192K), 4 survivors (4096K)
 Metaspace       used 91609K, capacity 93684K, committed 93988K, reserved 1130496K
  class space    used 11487K, capacity 12186K, committed 12288K, reserved 1048576K
}
Event: 48.404 GC heap after
{Heap after GC invocations=54 (full 0):
 garbage-first heap   total 198656K, used 93440K [0x0000000080000000, 0x0000000100000000)
  region size 1024K, 1 young (1024K), 1 survivors (1024K)
 Metaspace       used 91609K, capacity 93684K, committed 93988K, reserved 1130496K
  class space    used 11487K, capacity 12186K, committed 12288K, reserved 1048576K
}
Event: 81.004 GC heap before
{Heap before GC invocations=54 (full 0):
 garbage-first heap   total 198656K, used 148736K [0x0000000080000000, 0x0000000100000000)
  region size 1024K, 56 young (57344K), 1 survivors (1024K)
 Metaspace       used 91833K, capacity 93918K, committed 94244K, reserved 1132544K
  class space    used 11499K, capacity 12209K, committed 12288K, reserved 1048576K
}
Event: 81.016 GC heap after
{Heap after GC invocations=55 (full 0):
 garbage-first heap   total 198656K, used 94218K [0x0000000080000000, 0x0000000100000000)
  region size 1024K, 2 young (2048K), 2 survivors (2048K)
 Metaspace       used 91833K, capacity 93918K, committed 94244K, reserved 1132544K
  class space    used 11499K, capacity 12209K, committed 12288K, reserved 1048576K
}
Event: 82.031 GC heap before
{Heap before GC invocations=56 (full 0):
 garbage-first heap   total 198656K, used 124938K [0x0000000080000000, 0x0000000100000000)
  region size 1024K, 34 young (34816K), 2 survivors (2048K)
 Metaspace       used 92015K, capacity 94121K, committed 94244K, reserved 1132544K
  class space    used 11507K, capacity 12223K, committed 12288K, reserved 1048576K
}
Event: 82.054 GC heap after
{Heap after GC invocations=57 (full 0):
 garbage-first heap   total 198656K, used 97716K [0x0000000080000000, 0x0000000100000000)
  region size 1024K, 5 young (5120K), 5 survivors (5120K)
 Metaspace       used 92015K, capacity 94121K, committed 94244K, reserved 1132544K
  class space    used 11507K, capacity 12223K, committed 12288K, reserved 1048576K
}
Event: 83.266 GC heap before
{Heap before GC invocations=58 (full 0):
 garbage-first heap   total 198656K, used 162228K [0x0000000080000000, 0x0000000100000000)
  region size 1024K, 63 young (64512K), 5 survivors (5120K)
 Metaspace       used 92148K, capacity 94204K, committed 94500K, reserved 1132544K
  class space    used 11509K, capacity 12227K, committed 12288K, reserved 1048576K
}
Event: 83.279 GC heap after
{Heap after GC invocations=59 (full 0):
 garbage-first heap   total 198656K, used 100131K [0x0000000080000000, 0x0000000100000000)
  region size 1024K, 6 young (6144K), 6 survivors (6144K)
 Metaspace       used 92148K, capacity 94204K, committed 94500K, reserved 1132544K
  class space    used 11509K, capacity 12227K, committed 12288K, reserved 1048576K
}
Event: 85.218 GC heap before
{Heap before GC invocations=59 (full 0):
 garbage-first heap   total 198656K, used 158499K [0x0000000080000000, 0x0000000100000000)
  region size 1024K, 64 young (65536K), 6 survivors (6144K)
 Metaspace       used 94764K, capacity 97075K, committed 97316K, reserved 1134592K
  class space    used 11920K, capacity 12760K, committed 12800K, reserved 1048576K
}
Event: 85.242 GC heap after
{Heap after GC invocations=60 (full 0):
 garbage-first heap   total 198656K, used 102815K [0x0000000080000000, 0x0000000100000000)
  region size 1024K, 6 young (6144K), 6 survivors (6144K)
 Metaspace       used 94764K, capacity 97075K, committed 97316K, reserved 1134592K
  class space    used 11920K, capacity 12760K, committed 12800K, reserved 1048576K
}
Event: 94.241 GC heap before
{Heap before GC invocations=61 (full 0):
 garbage-first heap   total 198656K, used 160159K [0x0000000080000000, 0x0000000100000000)
  region size 1024K, 63 young (64512K), 6 survivors (6144K)
 Metaspace       used 95132K, capacity 97558K, committed 97700K, reserved 1134592K
  class space    used 11970K, capacity 12826K, committed 12928K, reserved 1048576K
}
Event: 94.253 GC heap after
{Heap after GC invocations=62 (full 0):
 garbage-first heap   total 198656K, used 103288K [0x0000000080000000, 0x0000000100000000)
  region size 1024K, 4 young (4096K), 4 survivors (4096K)
 Metaspace       used 95132K, capacity 97558K, committed 97700K, reserved 1134592K
  class space    used 11970K, capacity 12826K, committed 12928K, reserved 1048576K
}
Event: 94.330 GC heap before
{Heap before GC invocations=62 (full 0):
 garbage-first heap   total 198656K, used 107384K [0x0000000080000000, 0x0000000100000000)
  region size 1024K, 9 young (9216K), 4 survivors (4096K)
 Metaspace       used 95138K, capacity 97560K, committed 97700K, reserved 1134592K
  class space    used 11971K, capacity 12827K, committed 12928K, reserved 1048576K
}
Event: 94.339 GC heap after
{Heap after GC invocations=63 (full 0):
 garbage-first heap   total 198656K, used 96778K [0x0000000080000000, 0x0000000100000000)
  region size 1024K, 1 young (1024K), 1 survivors (1024K)
 Metaspace       used 95138K, capacity 97560K, committed 97700K, reserved 1134592K
  class space    used 11971K, capacity 12827K, committed 12928K, reserved 1048576K
}
Event: 95.613 GC heap before
{Heap before GC invocations=63 (full 0):
 garbage-first heap   total 198656K, used 158218K [0x0000000080000000, 0x0000000100000000)
  region size 1024K, 62 young (63488K), 1 survivors (1024K)
 Metaspace       used 104533K, capacity 107330K, committed 107428K, reserved 1142784K
  class space    used 13389K, capacity 14387K, committed 14464K, reserved 1048576K
}
Event: 95.623 GC heap after
{Heap after GC invocations=64 (full 0):
 garbage-first heap   total 198656K, used 99118K [0x0000000080000000, 0x0000000100000000)
  region size 1024K, 3 young (3072K), 3 survivors (3072K)
 Metaspace       used 104533K, capacity 107330K, committed 107428K, reserved 1142784K
  class space    used 13389K, capacity 14387K, committed 14464K, reserved 1048576K
}
Event: 781.738 GC heap before
{Heap before GC invocations=65 (full 0):
 garbage-first heap   total 198656K, used 176942K [0x0000000080000000, 0x0000000100000000)
  region size 1024K, 66 young (67584K), 3 survivors (3072K)
 Metaspace       used 107921K, capacity 110932K, committed 111012K, reserved 1144832K
  class space    used 13850K, capacity 14896K, committed 14976K, reserved 1048576K
}

